<?xml version="1.0" encoding="ISO-8859-1"?>
<configuration xmlns:xsi="http://www.w3.org/2001/XMLSchema-instance"
  xmlns="http://www.exoplatform.org/xml/ns/kernel_1_2.xsd"
  xsi:schemaLocation="http://www.exoplatform.org/xml/ns/kernel_1_2.xsd http://www.exoplatform.org/xml/ns/kernel_1_2.xsd">

  <external-component-plugins>
    <target-component>org.exoplatform.services.jcr.ext.hierarchy.NodeHierarchyCreator</target-component>
    <component-plugin>
      <name>addPaths</name>
      <set-method>addPlugin</set-method>
      <type>org.exoplatform.services.jcr.ext.hierarchy.impl.AddPathPlugin</type>            
      <init-params>
        <object-param>
          <name>cms.configuration</name>
          <description>configuration for the cms path</description>
          <object type="org.exoplatform.services.jcr.ext.hierarchy.impl.HierarchyConfig">
            <field name="workspaces">
              <collection type="java.util.ArrayList">
                <value><string>collaboration</string></value>                              
              </collection>               
            </field>
            <field  name="jcrPaths">
              <collection type="java.util.ArrayList">
                <value>               
                  <object type="org.exoplatform.services.jcr.ext.hierarchy.impl.HierarchyConfig$JcrPath">                 
                    <field  name="alias"><string>usersPath</string></field>
                    <field  name="path"><string>/Users</string></field>
                    <field name="permissions">
                      <collection type="java.util.ArrayList">               
                        <value>                            
                          <object type="org.exoplatform.services.jcr.ext.hierarchy.impl.HierarchyConfig$Permission">             
                            <field name="identity"><string>*:/platform/administrators</string></field>
                            <field name="read"><string>true</string></field>                
                            <field name="addNode"><string>true</string></field>                
                            <field name="setProperty"><string>true</string></field>                
                            <field name="remove"><string>true</string></field>                
                          </object>  
                        </value>
                        <value>                            
                          <object type="org.exoplatform.services.jcr.ext.hierarchy.impl.HierarchyConfig$Permission">             
                            <field name="identity"><string>any</string></field>
                            <field name="read"><string>true</string></field>                
                            <field name="addNode"><string>false</string></field>                
                            <field name="setProperty"><string>false</string></field>                
                            <field name="remove"><string>false</string></field>                
                          </object>  
                        </value>
                      </collection>
                    </field>                       
                  </object>
                </value>
              </collection>                               
            </field>
          </object>
        </object-param>
      </init-params>            
    </component-plugin>    
    
  </external-component-plugins>
  
  <external-component-plugins>
    <target-component>org.exoplatform.services.organization.OrganizationService</target-component>
    <component-plugin>
      <name>dms.new.user.event.listener</name>
      <set-method>addListenerPlugin</set-method>
      <type>org.exoplatform.services.jcr.ext.hierarchy.impl.NewUserListener</type>
      <description>description</description>
    </component-plugin>
  </external-component-plugins>  

  <external-component-plugins>
    <target-component>org.exoplatform.services.jcr.ext.hierarchy.NodeHierarchyCreator</target-component>
    <component-plugin>
      <name>addUserPaths</name>
      <set-method>addPlugin</set-method>
      <type>org.exoplatform.services.jcr.ext.hierarchy.impl.UserAddPathPlugin</type>
      <init-params>
        <object-param>
          <name>configuration</name>
          <description>description</description>
          <object
            type="org.exoplatform.services.jcr.ext.hierarchy.impl.HierarchyConfig">
            <field name="workspaces">
              <collection type="java.util.ArrayList">
                <value>
                  <string>collaboration</string>
                </value>
              </collection>
            </field>
            <field name="jcrPaths">
              <collection type="java.util.ArrayList">
                <value>
                  <object
                    type="org.exoplatform.services.jcr.ext.hierarchy.impl.HierarchyConfig$JcrPath">
                    <field name="alias">
                      <string>userApplicationData</string>
                    </field>
                    <field name="path">
                      <string>ApplicationData</string>
                    </field>
                    <field name="nodeType">
                      <string>nt:unstructured</string>
                    </field>
                    <field name="permissions">
                      <collection type="java.util.ArrayList">
                        <value>
                          <object
                            type="org.exoplatform.services.jcr.ext.hierarchy.impl.HierarchyConfig$Permission">
                            <field name="identity">
                              <string>*:/platform/administrators</string>
                            </field>
                            <field name="read">
                              <string>true</string>
                            </field>
                            <field name="addNode">
                              <string>true</string>
                            </field>
                            <field name="setProperty">
                              <string>true</string>
                            </field>
                            <field name="remove">
                              <string>true</string>
                            </field>
                          </object>
                        </value>
                      </collection>
                    </field>
                    <field name="mixinTypes">
                      <collection type="java.util.ArrayList">
                        <value>
                          <string>exo:hiddenable</string>
                        </value>
                      </collection>
                    </field>
                  </object>
                </value>
                <value>
                  <object
                    type="org.exoplatform.services.jcr.ext.hierarchy.impl.HierarchyConfig$JcrPath">
                    <field name="alias">
                      <string>userPrivate</string>
                    </field>
                    <field name="path">
                      <string>Private</string>
                    </field>
                    <field name="nodeType">
                      <string>nt:unstructured</string>
                    </field>
                  </object>
                </value>
                <value>
                  <object
                    type="org.exoplatform.services.jcr.ext.hierarchy.impl.HierarchyConfig$JcrPath">
                    <field name="alias">
                      <string>userPrivateDocuments</string>
                    </field>
                    <field name="path">
                      <string>Private/Documents</string>
                    </field>
                    <field name="mixinTypes">
                      <collection type="java.util.ArrayList">
                      </collection>
                    </field>
                  </object>
                </value>
                <value>
                  <object
                    type="org.exoplatform.services.jcr.ext.hierarchy.impl.HierarchyConfig$JcrPath">
                    <field name="alias">
                      <string>userPrivateVideo</string>
                    </field>
                    <field name="path">
                      <string>Private/Videos</string>
                    </field>
                    <field name="mixinTypes">
                      <collection type="java.util.ArrayList">
                      </collection>
                    </field>
                  </object>
                </value>
                <value>
                  <object
                    type="org.exoplatform.services.jcr.ext.hierarchy.impl.HierarchyConfig$JcrPath">
                    <field name="alias">
                      <string>userPrivateAudio</string>
                    </field>
                    <field name="path">
                      <string>Private/Music</string>
                    </field>
                    <field name="mixinTypes">
                      <collection type="java.util.ArrayList">
                      </collection>
                    </field>
                  </object>
                </value>
                <value>
                  <object
                    type="org.exoplatform.services.jcr.ext.hierarchy.impl.HierarchyConfig$JcrPath">
                    <field name="alias">
                      <string>userPrivatePicture</string>
                    </field>
                    <field name="path">
                      <string>Private/Pictures</string>
                    </field>
                    <field name="mixinTypes">
                      <collection type="java.util.ArrayList">
                      </collection>
                    </field>
                  </object>
                </value>
                <value>
                  <object
                    type="org.exoplatform.services.jcr.ext.hierarchy.impl.HierarchyConfig$JcrPath">
                    <field name="alias">
                      <string>userPrivateSearches</string>
                    </field>
                    <field name="path">
                      <string>Private/Searches</string>
                    </field>
                    <field name="mixinTypes">
                      <collection type="java.util.ArrayList">
                      </collection>
                    </field>
                  </object>
                </value>
                <value>
                  <object
                    type="org.exoplatform.services.jcr.ext.hierarchy.impl.HierarchyConfig$JcrPath">
                    <field name="alias">
                      <string>userPrivateFavorites</string>
                    </field>
                    <field name="path">
                      <string>Private/Favorites</string>
                    </field>
                    <field name="mixinTypes">
                      <collection type="java.util.ArrayList">
                      </collection>
                    </field>
                  </object>
                </value>
                <value>
                  <object
                    type="org.exoplatform.services.jcr.ext.hierarchy.impl.HierarchyConfig$JcrPath">
                    <field name="alias">
                      <string>userPrivateFolksonomy</string>
                    </field>
                    <field name="path">
                      <string>Private/Folksonomy</string>
                    </field>
                    <field name="mixinTypes">
                      <collection type="java.util.ArrayList">
                      </collection>
                    </field>
                  </object>
                </value>
                <value>
                  <object
                    type="org.exoplatform.services.jcr.ext.hierarchy.impl.HierarchyConfig$JcrPath">
                    <field name="alias">
                      <string>userPublic</string>
                    </field>
                    <field name="path">
                      <string>Public</string>
                    </field>
                    <field name="nodeType">
                      <string>nt:unstructured</string>
                    </field>
                    <field name="permissions">
                      <collection type="java.util.ArrayList">
                        <value>
                          <object
                            type="org.exoplatform.services.jcr.ext.hierarchy.impl.HierarchyConfig$Permission">
                            <field name="identity">
                              <string>any</string>
                            </field>
                            <field name="read">
                              <string>true</string>
                            </field>
                            <field name="addNode">
                              <string>false</string>
                            </field>
                            <field name="setProperty">
                              <string>true</string>
                            </field>
                            <field name="remove">
                              <string>false</string>
                            </field>
                          </object>
                        </value>
                      </collection>
                    </field>
                  </object>
                </value>
              </collection>
            </field>
            <field name="jcrLinks">
              <collection type="java.util.ArrayList">
                <value>
                  <object type="org.exoplatform.services.jcr.ext.hierarchy.impl.HierarchyConfig$JcrLink">                 
                    <field name="sourcePath"><string>Public</string></field>
                    <field name="targetPath"><string>Private/Public</string></field>
                  </object>
                </value>
             </collection>
            </field>
          </object>
        </object-param>
      </init-params>
     </component-plugin>
  </external-component-plugins>
</configuration>