<?xml version="1.0" encoding="ISO-8859-1"?>
<configuration xmlns:xsi="http://www.w3.org/2001/XMLSchema-instance"
               xsi:schemaLocation="http://www.exoplatform.org/xml/ns/kernel_1_2.xsd http://www.exoplatform.org/xml/ns/kernel_1_2.xsd"
               xmlns="http://www.exoplatform.org/xml/ns/kernel_1_2.xsd">

    <component>
        <type>org.exoplatform.commons.cluster.StartableClusterAwareTest$ClassA</type>
    </component>

    <component>
        <type>org.exoplatform.commons.cluster.StartableClusterAwareTest$ClassB</type>
    </component>

    <component>
        <type>org.exoplatform.commons.cluster.StartableClusterAwareTest$ClassC</type>
    </component>

    <component>
        <type>org.exoplatform.commons.cluster.StartableClusterService</type>
        <init-params>
            <value-param>
                <name>exo.cluster.startable.check.period</name>
                <value>${exo.cluster.startable.check.period:100}</value>
            </value-param>
        </init-params>
    </component>

</configuration>