<?xml version="1.0" encoding="UTF-8"?>

<configuration
  xmlns:xsi="http://www.w3.org/2001/XMLSchema-instance"
  xsi:schemaLocation="http://www.exoplatform.org/xml/ns/kernel_1_2.xsd http://www.exoplatform.org/xml/ns/kernel_1_2.xsd"
  xmlns="http://www.exoplatform.org/xml/ns/kernel_1_2.xsd">
  
  <component>
    <key>org.exoplatform.commons.api.notification.channel.ChannelManager</key>
    <type>org.exoplatform.commons.notification.channel.ChannelManagerImpl</type>
  </component>
  
  <component>
    <key>org.exoplatform.commons.api.notification.service.storage.MailNotificationStorage</key>
    <type>org.exoplatform.commons.notification.impl.service.storage.MailNotificationStorageImpl</type>
  </component>

  <component>
    <type>org.exoplatform.commons.notification.impl.service.storage.WebNotificationStorageImpl</type>
  </component>

  <component>
    <key>org.exoplatform.commons.api.notification.service.storage.WebNotificationStorage</key>
    <type>org.exoplatform.commons.notification.impl.service.storage.cache.CachedWebNotificationStorage</type>
  </component>

  <component>
		<key>org.exoplatform.commons.api.notification.service.WebNotificationService</key>
		<type>org.exoplatform.commons.notification.impl.service.WebNotificationServiceImpl</type>
	</component>

  <component>
    <key>org.exoplatform.services.mail.MailService</key>
    <type>org.exoplatform.commons.testing.mock.MockMailService</type>
  </component>

  <component>
    <type>org.exoplatform.commons.notification.impl.PluginStatisticService</type>
  </component>

  <component>
    <type>org.exoplatform.commons.notification.impl.StatisticsService</type>
  </component>
  
  <component>
    <type>org.exoplatform.commons.notification.NotificationContextFactory</type>
  </component>

  <component>
    <key>org.exoplatform.commons.api.settings.ExoFeatureService</key>
    <type>org.exoplatform.settings.impl.ExoFeatureServiceImpl</type>
  </component>

  <component>
    <key>org.exoplatform.services.scheduler.JobSchedulerService</key>
    <type>org.exoplatform.commons.notification.mock.MockJobSchedulerService</type>
  </component>

  <component>
    <key>org.exoplatform.commons.api.notification.service.storage.NotificationService</key>
    <type>org.exoplatform.commons.notification.impl.service.NotificationServiceImpl</type>
  </component>

  <component>
    <key>org.exoplatform.commons.api.notification.service.setting.UserSettingService</key>
    <type>org.exoplatform.commons.notification.impl.setting.UserSettingServiceImpl</type>
  </component>

  <component>
    <key>org.exoplatform.commons.api.notification.service.setting.PluginSettingService</key>
    <type>org.exoplatform.commons.notification.impl.setting.PluginSettingServiceImpl</type>
  </component>

  <component>
    <key>org.exoplatform.commons.api.notification.command.NotificationCommand</key>
    <type>org.exoplatform.commons.notification.impl.command.NotificationCommandImpl</type>
  </component>

  <component>
    <key>org.exoplatform.commons.api.notification.service.template.DigestorService</key>
    <type>org.exoplatform.commons.notification.impl.service.template.DigestorServiceImpl</type>
  </component>

	<component>
		<key>org.exoplatform.commons.api.notification.service.QueueMessage</key>
		<type>org.exoplatform.commons.notification.impl.service.QueueMessageImpl</type>
		<init-params>
			<value-param>
				<name>maxToSend</name> <!-- Max number of mails to send in period time -->
				<value>50</value>
			</value-param>
			<value-param>
				<name>initialDelay</name><!-- The start time will call send email notification -->
				<value>120</value>
			</value-param>
			<value-param>
				<name>delayTime</name><!-- The time to repeat interval call send email notification -->
				<value>60</value>
			</value-param>
		</init-params>
	</component>

  <component>
    <type>org.exoplatform.commons.notification.NotificationConfiguration</type>
    <init-params>
      <value-param>
        <name>workspace</name>
        <value>portal-test</value>
      </value-param>

      <value-param>
        <name>dayOfWeekend</name><!-- The day of week to send weekly notification-->
        <value></value><!-- The value is number lest than 7 and more than 0 or name day of week (Monday, Tuesday, Wednesday...)-->
      </value-param>
      <value-param>
        <name>dayOfMonthend</name>
        <value>28</value>
      </value-param>

      <value-param>
        <name>period</name><!-- repeat interval call make email notification -->
        <value>10m</value><!-- The value is number of m/h/d or +time milliseconds (ex: +180000)-->
      </value-param>
      <value-param>
        <name>startAtTime</name><!-- The start time will call make email notification -->
        <value>11:00pm</value><!-- The value is number hours of a day: 23, 11:15am, 11:20pm -->
      </value-param>
    </init-params>
  </component>
  
  <component>
    <key>org.exoplatform.commons.api.notification.service.NotificationCompletionService</key>
    <type>org.exoplatform.commons.api.notification.service.NotificationCompletionService</type>
    <init-params>
      <value-param>
        <name>async-execution</name>
        <value>false</value>
      </value-param>
    </init-params>
  </component>

  <component>
    <key>org.exoplatform.commons.api.notification.service.setting.PluginContainer</key>
    <type>org.exoplatform.commons.notification.impl.setting.NotificationPluginContainer</type>
  </component>

  <component>
    <type>org.exoplatform.commons.notification.cache.TemplateCaching</type>
  </component>
  
  <!-- channel register -->
  <external-component-plugins>
    <target-component>org.exoplatform.commons.api.notification.channel.ChannelManager</target-component>
    <component-plugin>
      <name>mail.channel</name>
      <set-method>register</set-method>
      <type>org.exoplatform.commons.notification.channel.MailChannel</type>
      <description>Register the email channel to manager.</description>
    </component-plugin>
    <component-plugin>
      <name>web.channel</name>
      <set-method>register</set-method>
      <type>org.exoplatform.commons.notification.channel.WebChannel</type>
      <description>Register the email channel to manager.</description>
    </component-plugin>
  </external-component-plugins>

  <!-- template channel register -->
  <external-component-plugins>
    <target-component>org.exoplatform.commons.api.notification.channel.ChannelManager</target-component>
    <component-plugin>
      <name>mail.channel.template</name>
      <set-method>registerTemplateProvider</set-method>
      <type>org.exoplatform.commons.notification.mock.MockDigestMailTemplateProvider</type>
      <init-params>
        <value-param>
          <name>channel-id</name>
          <value>MAIL_CHANNEL</value>
        </value-param>
      </init-params>
    </component-plugin>
  </external-component-plugins>
  
  <external-component-plugins>
    <target-component>org.exoplatform.services.jcr.ext.hierarchy.NodeHierarchyCreator</target-component>
    <component-plugin>
      <name>addPaths</name>
      <set-method>addPlugin</set-method>
      <type>org.exoplatform.services.jcr.ext.hierarchy.impl.AddPathPlugin</type>
      <init-params>
        <object-param>
          <name>notification.configuration</name>
          <description>configuration for the notification path</description>
          <object type="org.exoplatform.services.jcr.ext.hierarchy.impl.HierarchyConfig">
            <field name="workspaces">
              <collection type="java.util.ArrayList">
                <value>
                  <string>portal-test</string>
                </value>
              </collection>
            </field>
            <field name="jcrPaths">
              <collection type="java.util.ArrayList">
                <value>               
                  <object type="org.exoplatform.services.jcr.ext.hierarchy.impl.HierarchyConfig$JcrPath">                 
                    <field  name="alias"><string>stgSettings</string></field>
                    <field  name="path"><string>/settings</string></field>
                    <field name="nodeType"><string>stg:settings</string></field>
                    <field name="permissions">
                      <collection type="java.util.ArrayList">               
                        <value>                            
                          <object type="org.exoplatform.services.jcr.ext.hierarchy.impl.HierarchyConfig$Permission">             
                            <field name="identity"><string>*:/platform/administrators</string></field>
                            <field name="read"><string>true</string></field>                
                            <field name="addNode"><string>true</string></field>                
                            <field name="setProperty"><string>true</string></field>                
                            <field name="remove"><string>true</string></field>                
                          </object>  
                        </value>                        
                      </collection>
                    </field>                       
                  </object>
                </value>
                <value>               
                  <object type="org.exoplatform.services.jcr.ext.hierarchy.impl.HierarchyConfig$JcrPath">                 
                    <field  name="alias"><string>stgUsers</string></field>
                    <field  name="path"><string>/settings/user</string></field>
                    <field name="nodeType"><string>stg:subcontext</string></field>
                    <field name="permissions">
                      <collection type="java.util.ArrayList">               
                        <value>                            
                          <object type="org.exoplatform.services.jcr.ext.hierarchy.impl.HierarchyConfig$Permission">             
                            <field name="identity"><string>*:/platform/administrators</string></field>
                            <field name="read"><string>true</string></field>                
                            <field name="addNode"><string>true</string></field>                
                            <field name="setProperty"><string>true</string></field>                
                            <field name="remove"><string>true</string></field>                
                          </object>  
                        </value>                        
                      </collection>
                    </field>                       
                  </object>
                </value>
                <value>               
                  <object type="org.exoplatform.services.jcr.ext.hierarchy.impl.HierarchyConfig$JcrPath">                 
                    <field  name="alias"><string>stgGlobal</string></field>
                    <field  name="path"><string>/settings/global</string></field>
                    <field name="nodeType"><string>stg:simplecontext</string></field>
                    <field name="permissions">
                      <collection type="java.util.ArrayList">               
                        <value>                            
                          <object type="org.exoplatform.services.jcr.ext.hierarchy.impl.HierarchyConfig$Permission">             
                            <field name="identity"><string>*:/platform/administrators</string></field>
                            <field name="read"><string>true</string></field>                
                            <field name="addNode"><string>true</string></field>                
                            <field name="setProperty"><string>true</string></field>                
                            <field name="remove"><string>true</string></field>                
                          </object>  
                        </value>                        
                      </collection>
                    </field>                       
                  </object>
                </value>

                <value>               
                  <object type="org.exoplatform.services.jcr.ext.hierarchy.impl.HierarchyConfig$JcrPath">                 
                    <field  name="alias"><string>eXoNotification</string></field>
                    <field  name="path"><string>/eXoNotification</string></field>
                    <field name="nodeType"><string>ntf:notification</string></field>
                    <field name="permissions">
                      <collection type="java.util.ArrayList">               
                        <value>                            
                          <object type="org.exoplatform.services.jcr.ext.hierarchy.impl.HierarchyConfig$Permission">             
                            <field name="identity"><string>*:/platform/administrators</string></field>
                            <field name="read"><string>true</string></field>                
                            <field name="addNode"><string>true</string></field>                
                            <field name="setProperty"><string>true</string></field>                
                            <field name="remove"><string>true</string></field>                
                          </object>  
                        </value>                        
                      </collection>
                    </field>                       
                  </object>
                </value>
                <value>               
                  <object type="org.exoplatform.services.jcr.ext.hierarchy.impl.HierarchyConfig$JcrPath">                 
                    <field  name="alias"><string>messageHome</string></field>
                    <field  name="path"><string>/eXoNotification/messageHome</string></field>
                    <field name="nodeType"><string>ntf:messageHome</string></field>
                    <field name="mixinTypes">
                      <collection type="java.util.ArrayList">
                        <value><string>mix:subMessageHome</string></value>
                      </collection>
                    </field>
                    <field name="permissions">
                      <collection type="java.util.ArrayList">               
                        <value>                            
                          <object type="org.exoplatform.services.jcr.ext.hierarchy.impl.HierarchyConfig$Permission">             
                            <field name="identity"><string>*:/platform/administrators</string></field>
                            <field name="read"><string>true</string></field>                
                            <field name="addNode"><string>true</string></field>                
                            <field name="setProperty"><string>true</string></field>                
                            <field name="remove"><string>true</string></field>                
                          </object>  
                        </value>                        
                      </collection>
                    </field>                       
                  </object>
                </value>

								<value>               
                  <object type="org.exoplatform.services.jcr.ext.hierarchy.impl.HierarchyConfig$JcrPath">                 
                    <field  name="alias"><string>messageInfoHome</string></field>
                    <field  name="path"><string>/eXoNotification/messageInfoHome</string></field>
                    <field name="nodeType"><string>ntf:messageInfoHome</string></field>
                    <field name="permissions">
                      <collection type="java.util.ArrayList">               
                        <value>                            
                          <object type="org.exoplatform.services.jcr.ext.hierarchy.impl.HierarchyConfig$Permission">             
                            <field name="identity"><string>*:/platform/administrators</string></field>
                            <field name="read"><string>true</string></field>
                            <field name="addNode"><string>true</string></field>
                            <field name="setProperty"><string>true</string></field>
                            <field name="remove"><string>true</string></field>
                          </object>  
                        </value>                        
                      </collection>
                    </field>
                  </object>
                </value>
                <value>               
                  <object type="org.exoplatform.services.jcr.ext.hierarchy.impl.HierarchyConfig$JcrPath">                 
                    <field  name="alias"><string>webChannel</string></field>
                    <field  name="path"><string>/eXoNotification/web</string></field>
                    <field name="nodeType"><string>ntf:channel</string></field>
                    <field name="permissions">
                      <collection type="java.util.ArrayList">
                        <value>                            
                          <object type="org.exoplatform.services.jcr.ext.hierarchy.impl.HierarchyConfig$Permission">             
                            <field name="identity"><string>*:/platform/administrators</string></field>
                            <field name="read"><string>true</string></field>
                            <field name="addNode"><string>true</string></field>
                            <field name="setProperty"><string>true</string></field>
                            <field name="remove"><string>true</string></field>
                          </object>
                        </value>                        
                      </collection>
                    </field>
                  </object>
                </value>

              </collection>
            </field>
          </object>
        </object-param>
      </init-params>
    </component-plugin>
  </external-component-plugins>

  <external-component-plugins>
    <target-component>org.exoplatform.commons.api.notification.service.setting.PluginContainer</target-component>
    <component-plugin>
      <name>notification.plugins</name>
      <set-method>addPlugin</set-method>
      <type>org.exoplatform.commons.notification.impl.DigestDailyPlugin</type>
      <description>Initial information for plugin.</description>
      <init-params>
        <object-param>
          <name>template.DigestDailyPlugin</name>
          <description>The template of DigestDailyPlugin</description>
          <object type="org.exoplatform.commons.api.notification.plugin.config.PluginConfig">
            <field name="pluginId">
              <string>DigestDailyPlugin</string>
            </field>
            <field name="bundlePath">
              <string>locale.notification.template.Notification</string>
            </field>
          </object>
        </object-param>
      </init-params>
    </component-plugin>
  </external-component-plugins>

  <external-component-plugins>
    <target-component>org.exoplatform.commons.api.notification.service.setting.PluginContainer</target-component>
    <component-plugin>
      <name>notification.plugins</name>
      <set-method>addPlugin</set-method>
      <type>org.exoplatform.commons.notification.impl.DigestWeeklyPlugin</type>
      <description>Initial information for plugin.</description>
      <init-params>
        <object-param>
          <name>template.DigestWeeklyPlugin</name>
          <description>The template of DigestWeeklyPlugin</description>
          <object type="org.exoplatform.commons.api.notification.plugin.config.PluginConfig">
            <field name="pluginId">
              <string>DigestWeeklyPlugin</string>
            </field>
            <field name="bundlePath">
              <string>locale.notification.template.Notification</string>
            </field>
          </object>
        </object-param>
      </init-params>
    </component-plugin>
  </external-component-plugins>
  
  <external-component-plugins>
	  <target-component>org.exoplatform.commons.api.notification.service.setting.PluginContainer</target-component>
	  <component-plugin>
	    <name>notification.plugins</name>
	    <set-method>addPlugin</set-method>
	    <type>org.exoplatform.commons.notification.plugin.PluginTest</type>
	    <description>Initial information for plugin.</description>
	    <init-params>
	      <object-param>
	        <name>template.PluginTest</name>
	        <description>The template of PluginTest</description>
	        <object type="org.exoplatform.commons.api.notification.plugin.config.PluginConfig">
	          <field name="pluginId">
	            <string>TestPlugin</string>
	          </field>
	          <field name="resourceBundleKey">
	            <string>UINotification.label.TestPlugin</string>
	          </field>
	          <field name="order">
	            <string>1</string>
	          </field>
	          <field name="defaultConfig">
	            <collection type="java.util.ArrayList">
	              <value><string>Instantly</string></value>
	              <value><string>weekly</string></value>
	            </collection>
	          </field>
	          <field name="groupId">
	            <string>other</string>
	          </field>
            <field name="bundlePath">
              <string>locale.notification.template.Notification</string>
            </field>
	        </object>
	      </object-param>
	    </init-params>
	  </component-plugin>
	</external-component-plugins>
	
	<external-component-plugins>
	  <target-component>org.exoplatform.commons.api.notification.service.setting.PluginContainer</target-component>
	  <component-plugin>
	    <name>notification.plugins</name>
	    <set-method>addPlugin</set-method>
	    <type>org.exoplatform.commons.notification.plugin.PluginPLF41Test</type>
	    <description>Initial information for plugin for PLF 4.1.</description>
	    <init-params>
	      <object-param>
	        <name>template.PluginTest</name>
	        <description>The template of PluginTest</description>
	        <object type="org.exoplatform.commons.api.notification.plugin.config.PluginConfig">
	          <field name="pluginId">
	            <string>PluginPLF41Test</string>
	          </field>
	          <field name="resourceBundleKey">
	            <string>UINotification.label.PluginPLF41Test</string>
	          </field>
	          <field name="order">
	            <string>2</string>
	          </field>
	          <field name="defaultConfig">
	            <collection type="java.util.ArrayList">
	              <value><string>Instantly</string></value>
	              <value><string>weekly</string></value>
	            </collection>
	          </field>
	          <field name="groupId">
	            <string>other</string>
	          </field>
            <field name="templateConfig">
              <object type="org.exoplatform.commons.api.notification.plugin.config.TemplateConfig">
                <field name="bundlePath">
                  <string>locale.notification.template.Notification</string>
                </field>
                <field name="templatePath">
                  <string>classpath:/groovy/notification/template/TestPLF41Plugin.gtmpl</string>
                </field>
              </object>
            </field>
	        </object>
	      </object-param>
	    </init-params>
	  </component-plugin>
	</external-component-plugins>
	
	<external-component-plugins>
	  <target-component>org.exoplatform.commons.api.notification.service.setting.PluginContainer</target-component>
	  <component-plugin>
	    <name>notification.plugins</name>
	    <set-method>addChildPlugin</set-method>
	    <type>org.exoplatform.commons.notification.plugin.ChildPluginTest</type>
	    <description>Initial information for default child plugin.</description>
	    <init-params>
 	      <value-param>
	        <name>templatePath</name>
	        <value><![CDATA[classpath:/groovy/notification/template/TestChildPlugin.gtmpl]]></value>
	      </value-param>
	      <values-param>
	        <name>parentIds</name>
	        <description>Add parent of plugin</description>
	        <value>TestPlugin</value>
	      </values-param>
	      <object-param>
	        <name>template.ChildPluginTest</name>
	        <description>The template of ChildPluginTest</description>
	        <object type="org.exoplatform.commons.api.notification.plugin.config.PluginConfig">
	          <field name="pluginId">
	            <string>Child_Plugin</string>
	          </field>
            <field name="bundlePath">
             <string>locale.notification.template.Notification</string>
            </field>
	        </object>
	      </object-param>
	    </init-params>
	  </component-plugin>
	</external-component-plugins>
  
  <external-component-plugins>
    <target-component>org.exoplatform.commons.api.notification.service.setting.ProviderSettingService</target-component>
    <component-plugin>
      <name>notification.groups</name>
      <set-method>registerGroupConfig</set-method>
      <type>org.exoplatform.commons.api.notification.plugin.GroupProviderPlugin</type>
      <description>Initial the default groups.</description>
      <init-params>
        <object-param>
          <name>group.general</name>
          <description>The information of group general</description>
          <object type="org.exoplatform.commons.api.notification.plugin.config.GroupConfig">
            <field name="id">
              <string>general</string>
            </field>
            <field name="resourceBundleKey">
              <string>UINotification.label.group.General</string>
            </field>
            <field name="order">
              <string>1</string>
            </field>
          </object>
        </object-param>
       
        <object-param>
          <name>group.connections</name>
          <description>The information of group connections</description>
          <object type="org.exoplatform.commons.api.notification.plugin.config.GroupConfig">
            <field name="id">
              <string>connections</string>
            </field>
            <field name="resourceBundleKey">
              <string>UINotification.label.group.Connections</string>
            </field>
            <field name="order">
              <string>2</string>
            </field>
          </object>
        </object-param>
       
        <object-param>
          <name>group.spaces</name>
          <description>The information of group spaces</description>
          <object type="org.exoplatform.commons.api.notification.plugin.config.GroupConfig">
            <field name="id">
              <string>spaces</string>
            </field>
            <field name="resourceBundleKey">
              <string>UINotification.label.group.Spaces</string>
            </field>
            <field name="order">
              <string>3</string>
            </field>
          </object>
        </object-param>
       
        <object-param>
          <name>group.activity.stream</name>
          <description>The information of group activity stream</description>
          <object type="org.exoplatform.commons.api.notification.plugin.config.GroupConfig">
            <field name="id">
              <string>activity_stream</string>
            </field>
            <field name="resourceBundleKey">
              <string>UINotification.label.group.ActivityStream</string>
            </field>
            <field name="order">
              <string>4</string>
            </field>
          </object>
        </object-param>

        <object-param>
          <name>group.documents</name>
          <description>The information of group documents</description>
          <object type="org.exoplatform.commons.api.notification.plugin.config.GroupConfig">
            <field name="id">
              <string>documents</string>
            </field>
            <field name="resourceBundleKey">
              <string>UINotification.label.group.Documents</string>
            </field>
            <field name="order">
              <string>5</string>
            </field>
          </object>
        </object-param>

        <object-param>
          <name>group.other</name>
          <description>The information of group activity other</description>
          <object type="org.exoplatform.commons.api.notification.plugin.config.GroupConfig">
            <field name="id">
              <string>other</string>
            </field>
            <field name="resourceBundleKey">
              <string>UINotification.label.group.Other</string>
            </field>
            <field name="order">
              <string>99</string>
            </field>
          </object>
        </object-param>
       
      </init-params>
    </component-plugin>
  </external-component-plugins>
  
</configuration>
