<?xml version="1.0" encoding="ISO-8859-1"?>
<!--
    Copyright (C) 2009 eXo Platform SAS.
    This is free software; you can redistribute it and/or modify it
    under the terms of the GNU Lesser General Public License as
    published by the Free Software Foundation; either version 2.1 of
    the License, or (at your option) any later version.
    This software is distributed in the hope that it will be useful,
    but WITHOUT ANY WARRANTY; without even the implied warranty of
    MERCHANTABILITY or FITNESS FOR A PARTICULAR PURPOSE. See the GNU
    Lesser General Public License for more details.
    You should have received a copy of the GNU Lesser General Public
    License along with this software; if not, write to the Free
    Software Foundation, Inc., 51 Franklin St, Fifth Floor, Boston, MA
    02110-1301 USA, or see the FSF site: http://www.fsf.org.
-->
<configuration
        xmlns:xsi="http://www.w3.org/2001/XMLSchema-instance"
        xsi:schemaLocation="http://www.exoplatform.org/xml/ns/kernel_1_2.xsd http://www.exoplatform.org/xml/ns/kernel_1_2.xsd"
        xmlns="http://www.exoplatform.org/xml/ns/kernel_1_2.xsd">

    <component>
        <type>org.exoplatform.jpa.mock.DummyDependantComponent</type>
    </component>

    <component>
        <key>org.exoplatform.services.naming.InitialContextInitializer</key>
        <type>org.exoplatform.services.naming.InitialContextInitializer</type>
        <init-params>
            <properties-param>
                <name>default-properties</name>
                <description>Default initial context properties</description>
                <property name="java.naming.factory.initial" value="org.exoplatform.services.naming.SimpleContextFactory" />
            </properties-param>
        </init-params>
    </component>

    <component>
        <type>org.exoplatform.commons.persistence.impl.EntityManagerService</type>
    </component>

    <component>
        <type>org.exoplatform.settings.jpa.dao.SettingContextDAO</type>
    </component>
    <component>
        <type>org.exoplatform.settings.jpa.dao.SettingScopeDAO</type>
    </component>
    <component>
        <type>org.exoplatform.settings.jpa.dao.SettingsDAO</type>
    </component>

    <component>
        <key>org.exoplatform.commons.api.event.EventManager</key>
        <type>org.exoplatform.commons.event.impl.EventManagerImpl</type>
    </component>

    <component>
        <type>org.exoplatform.settings.jpa.JPASettingServiceImpl</type>
    </component>

    <component>
        <type>org.exoplatform.commons.notification.impl.jpa.email.JPANotificationDataStorage</type>
    </component>

    <component>
        <type>org.exoplatform.commons.notification.impl.jpa.web.JPAWebNotificationStorage</type>
    </component>

    <component>
        <key>org.exoplatform.commons.api.notification.service.storage.WebNotificationStorage</key>
        <type>org.exoplatform.commons.notification.impl.jpa.web.JPAWebNotificationStorage</type>
    </component>

    <component>
        <type>org.exoplatform.settings.jpa.JPAUserSettingServiceImpl</type>
    </component>

    <component>
        <key>org.exoplatform.commons.api.notification.service.storage.NotificationService</key>
        <type>org.exoplatform.commons.notification.impl.service.NotificationServiceImpl</type>
    </component>

    <component>
        <key>org.exoplatform.services.organization.OrganizationService</key>
        <type>org.exoplatform.settings.impl.MockOrganizationService</type>
    </component>

    <component>
        <key>org.exoplatform.commons.api.notification.channel.ChannelManager</key>
        <type>org.exoplatform.commons.notification.channel.ChannelManagerImpl</type>
    </component>

    <component>
        <type>org.exoplatform.commons.notification.NotificationConfiguration</type>
        <init-params>
            <value-param>
                <name>workspace</name>
                <value>portal-test</value>
            </value-param>

            <value-param>
                <name>dayOfWeekend</name><!-- The day of week to send weekly notification-->
                <value></value><!-- The value is number lest than 7 and more than 0 or name day of week (Monday, Tuesday, Wednesday...)-->
            </value-param>
            <value-param>
                <name>dayOfMonthend</name>
                <value>28</value>
            </value-param>

            <value-param>
                <name>period</name><!-- repeat interval call make email notification -->
                <value>10m</value><!-- The value is number of m/h/d or +time milliseconds (ex: +180000)-->
            </value-param>
            <value-param>
                <name>startAtTime</name><!-- The start time will call make email notification -->
                <value>11:00pm</value><!-- The value is number hours of a day: 23, 11:15am, 11:20pm -->
            </value-param>
        </init-params>
    </component>

    <component>
        <key>org.exoplatform.commons.api.persistence.DataInitializer</key>
        <type>org.exoplatform.commons.persistence.impl.LiquibaseDataInitializer</type>
        <init-params>
            <value-param>
                <name>liquibase.datasource</name>
                <value>java:/comp/env/exo-jpa_portal</value>
            </value-param>
            <value-param>
                <name>liquibase.contexts</name>
                <value>${exo.liquibase.contexts}</value>
            </value-param>
        </init-params>
    </component>

    <!-- Bind datasource -->
    <external-component-plugins>
        <target-component>org.exoplatform.services.naming.InitialContextInitializer</target-component>
        <component-plugin>
            <name>bind.datasource</name>
            <set-method>addPlugin</set-method>
            <type>org.exoplatform.services.naming.BindReferencePlugin</type>
            <init-params>
                <value-param>
                    <name>bind-name</name>
                    <value>java:/comp/env/exo-jpa_portal</value>
                </value-param>
                <value-param>
                    <name>class-name</name>
                    <value>javax.sql.DataSource</value>
                </value-param>
                <value-param>
                    <name>factory</name>
                    <value>org.apache.commons.dbcp.BasicDataSourceFactory</value>
                </value-param>
                <properties-param>
                    <name>ref-addresses</name>
                    <description>ref-addresses</description>
                    <property name="driverClassName" value="org.hsqldb.jdbcDriver" />
                    <property name="url" value="jdbc:hsqldb:mem:db1" />
                    <property name="username" value="sa" />
                    <property name="password" value="" />
                </properties-param>
            </init-params>
        </component-plugin>
    </external-component-plugins>
</configuration>