<?xml version="1.0" encoding="ISO-8859-1"?>
<configuration xmlns:xsi="http://www.w3.org/2001/XMLSchema-instance"
               xsi:schemaLocation="http://www.exoplatform.org/xml/ns/kernel_1_2.xsd http://www.exoplatform.org/xml/ns/kernel_1_2.xsd"
               xmlns="http://www.exoplatform.org/xml/ns/kernel_1_2.xsd">
  <component>
    <key>org.exoplatform.portal.config.UserACL</key>
    <type>org.exoplatform.portal.config.UserACL</type>
    <init-params>
      <value-param>
        <name>super.user</name>
        <description>administrator</description>
        <value>root</value>
      </value-param>

      <value-param>
        <name>portal.administrator.groups</name>
        <description>administrator</description>
        <value>/platform/administrators</value>
      </value-param>
    </init-params>
  </component>

  <component>
    <type>org.exoplatform.commons.info.PlatformInformationRESTService</type>
  </component>

  <component>
    <type>org.exoplatform.commons.info.ProductInformations</type>
    <init-params>
      <value-param>
        <name>product.versions.declaration.file</name>
        <value>classpath:/conf/data/product_new.properties</value>
      </value-param>
    </init-params>
  </component>

  <component>
    <key>org.exoplatform.commons.api.persistence.DataInitializer</key>
    <type>org.exoplatform.commons.persistence.impl.LiquibaseDataInitializer</type>
    <init-params>
      <value-param>
        <name>liquibase.datasource</name>
        <value>${exo.jpa.datasource.name:java:/comp/env/exo-jpa_portal}</value>
      </value-param>
      <value-param>
        <name>liquibase.contexts</name>
        <value>${exo.liquibase.contexts:production}</value>
      </value-param>
    </init-params>
  </component>

</configuration>