<?xml version="1.0" encoding="ISO-8859-1"?>
<!--
This file is part of the Meeds project (https://meeds.io/).
Copyright (C) 2020 Meeds Association
contact@meeds.io
This program is free software; you can redistribute it and/or
modify it under the terms of the GNU Lesser General Public
License as published by the Free Software Foundation; either
version 3 of the License, or (at your option) any later version.
This program is distributed in the hope that it will be useful,
but WITHOUT ANY WARRANTY; without even the implied warranty of
MERCHANTABILITY or FITNESS FOR A PARTICULAR PURPOSE.  See the GNU
Lesser General Public License for more details.
You should have received a copy of the GNU Lesser General Public License
along with this program; if not, write to the Free Software Foundation,
Inc., 51 Franklin Street, Fifth Floor, Boston, MA  02110-1301, USA.

-->
<configuration xmlns:xsi="http://www.w3.org/2001/XMLSchema-instance"
               xsi:schemaLocation="http://www.exoplatform.org/xml/ns/kernel_1_2.xsd http://www.exoplatform.org/xml/ns/kernel_1_2.xsd"
               xmlns="http://www.exoplatform.org/xml/ns/kernel_1_2.xsd">
  <component>
    <key>org.exoplatform.portal.config.UserACL</key>
    <type>org.exoplatform.portal.config.UserACL</type>
    <init-params>
      <value-param>
        <name>super.user</name>
        <description>administrator</description>
        <value>root</value>
      </value-param>

      <value-param>
        <name>portal.administrator.groups</name>
        <description>administrator</description>
        <value>/platform/administrators</value>
      </value-param>
    </init-params>
  </component>

  <component>
    <type>org.exoplatform.commons.info.ProductInformations</type>
    <init-params>
      <value-param>
        <name>product.versions.declaration.file</name>
        <value>classpath:/conf/data/product_new.properties</value>
      </value-param>
    </init-params>
  </component>

</configuration>