<?xml version="1.0" encoding="ISO-8859-1"?>
<!--
    Copyright (C) 2009 eXo Platform SAS.
    This is free software; you can redistribute it and/or modify it
    under the terms of the GNU Lesser General Public License as
    published by the Free Software Foundation; either version 2.1 of
    the License, or (at your option) any later version.
    This software is distributed in the hope that it will be useful,
    but WITHOUT ANY WARRANTY; without even the implied warranty of
    MERCHANTABILITY or FITNESS FOR A PARTICULAR PURPOSE. See the GNU
    Lesser General Public License for more details.
    You should have received a copy of the GNU Lesser General Public
    License along with this software; if not, write to the Free
    Software Foundation, Inc., 51 Franklin St, Fifth Floor, Boston, MA
    02110-1301 USA, or see the FSF site: http://www.fsf.org.
-->
<configuration
        xmlns:xsi="http://www.w3.org/2001/XMLSchema-instance"
        xsi:schemaLocation="http://www.exoplatform.org/xml/ns/kernel_1_2.xsd http://www.exoplatform.org/xml/ns/kernel_1_2.xsd"
        xmlns="http://www.exoplatform.org/xml/ns/kernel_1_2.xsd">
    <component>
        <key>org.exoplatform.commons.api.notification.service.template.DigestorService</key>
        <type>org.exoplatform.commons.notification.impl.service.template.DigestorServiceImpl</type>
    </component>

    <component>
        <key>org.exoplatform.commons.api.notification.service.storage.MailNotificationStorage</key>
        <type>org.exoplatform.commons.notification.impl.jpa.email.JPAMailNotificationStorage</type>
    </component>

    <component>
        <type>org.exoplatform.commons.notification.NotificationContextFactory</type>
    </component>

    <component>
        <type>org.exoplatform.commons.notification.impl.PluginStatisticService</type>
    </component>

    <component>
        <type>org.exoplatform.commons.notification.impl.StatisticsService</type>
    </component>

    <component>
        <key>org.exoplatform.commons.api.notification.service.setting.PluginContainer</key>
        <type>org.exoplatform.commons.notification.impl.setting.NotificationPluginContainer</type>
    </component>


    <external-component-plugins>
        <target-component>org.exoplatform.commons.api.notification.service.setting.PluginContainer</target-component>
        <component-plugin>
            <name>notification.plugins</name>
            <set-method>addPlugin</set-method>
            <type>org.exoplatform.social.notification.plugin.RequestJoinSpacePlugin</type>
            <description>Initial information for plugin.</description>
            <init-params>
                <object-param>
                    <name>template.RequestJoinSpacePlugin</name>
                    <description>The template of SpaceInvitationPlugin</description>
                    <object type="org.exoplatform.commons.api.notification.plugin.config.PluginConfig">
                        <field name="pluginId">
                            <string>RequestJoinSpacePlugin</string>
                        </field>
                        <field name="resourceBundleKey">
                            <string>UINotification.label.RequestJoinSpacePlugin</string>
                        </field>
                        <field name="order">
                            <string>4</string>
                        </field>
                        <field name="defaultConfig">
                            <collection type="java.util.ArrayList">
                                <value><string>Instantly</string></value>
                                <value><string>weekly</string></value>
                            </collection>
                        </field>
                        <field name="groupId">
                            <string>spaces</string>
                        </field>
                        <field name="bundlePath">
                            <string>locale.notification.template.Notification</string>
                        </field>
                    </object>
                </object-param>
            </init-params>
        </component-plugin>
    </external-component-plugins>

    <external-component-plugins>
        <target-component>org.exoplatform.commons.api.notification.service.setting.PluginContainer</target-component>
        <component-plugin>
            <name>notification.plugins</name>
            <set-method>addPlugin</set-method>
            <type>org.exoplatform.social.notification.plugin.SpaceInvitationPlugin</type>
            <description>Initial information for plugin.</description>
            <init-params>
                <object-param>
                    <name>template.SpaceInvitationPlugin</name>
                    <description>The template of NewUserPlugin</description>
                    <object type="org.exoplatform.commons.api.notification.plugin.config.PluginConfig">
                        <field name="pluginId">
                            <string>SpaceInvitationPlugin</string>
                        </field>
                        <field name="resourceBundleKey">
                            <string>UINotification.label.SpaceInvitationPlugin</string>
                        </field>
                        <field name="order">
                            <string>3</string>
                        </field>
                        <field name="defaultConfig">
                            <collection type="java.util.ArrayList">
                                <value><string>Instantly</string></value>
                                <value><string>weekly</string></value>
                            </collection>
                        </field>
                        <field name="groupId">
                            <string>spaces</string>
                        </field>
                        <field name="bundlePath">
                            <string>locale.notification.template.Notification</string>
                        </field>
                    </object>
                </object-param>
            </init-params>
        </component-plugin>
    </external-component-plugins>

    <!-- channel register -->
    <external-component-plugins>
        <target-component>org.exoplatform.commons.api.notification.channel.ChannelManager</target-component>

        <component-plugin>
            <name>web.channel</name>
            <set-method>register</set-method>
            <type>org.exoplatform.commons.notification.channel.WebChannel</type>
            <description>Register the email channel to manager.</description>
        </component-plugin>
    </external-component-plugins>
</configuration>