<configuration xmlns:xsi="http://www.w3.org/2001/XMLSchema-instance"
			   xsi:schemaLocation="http://www.exoplatform.org/xml/ns/kernel_1_2.xsd http://www.exoplatform.org/xml/ns/kernel_1_2.xsd"
			   xmlns="http://www.exoplatform.org/xml/ns/kernel_1_2.xsd">
	<component>
		<type>org.exoplatform.container.PropertyConfigurator</type>
		<init-params>
			<value-param>
				<name>properties.url</name>
				<value>jar:/conf/exo.properties</value>
			</value-param>
			<properties-param>
				<name>properties</name>
				<property name="sample" value="value"></property>
			</properties-param>
		</init-params>
	</component>

	<component>
		<key>org.exoplatform.services.cache.CacheService</key>
		<jmx-name>cache:type=CacheService</jmx-name>
		<type>org.exoplatform.services.cache.impl.CacheServiceImpl</type>
		<init-params>
			<object-param>
				<name>cache.config.default</name>
				<object type="org.exoplatform.services.cache.ExoCacheConfig">
					<field name="name">
						<string>default</string>
					</field>
					<field name="maxSize">
						<int>30000</int>
					</field>
					<field name="liveTime">
						<long>60000</long>
					</field>
					<field name="implementation">
						<string>org.exoplatform.services.cache.concurrent.ConcurrentFIFOExoCache</string>
					</field>
				</object>
			</object-param>
		</init-params>
	</component>

	<component>
		<type>org.exoplatform.container.definition.PortalContainerConfig</type>
	</component>

</configuration>
