<!--
This file is part of the Meeds project (https://meeds.io/).
Copyright (C) 2020 Meeds Association
contact@meeds.io
This program is free software; you can redistribute it and/or
modify it under the terms of the GNU Lesser General Public
License as published by the Free Software Foundation; either
version 3 of the License, or (at your option) any later version.
This program is distributed in the hope that it will be useful,
but WITHOUT ANY WARRANTY; without even the implied warranty of
MERCHANTABILITY or FITNESS FOR A PARTICULAR PURPOSE.  See the GNU
Lesser General Public License for more details.
You should have received a copy of the GNU Lesser General Public License
along with this program; if not, write to the Free Software Foundation,
Inc., 51 Franklin Street, Fifth Floor, Boston, MA  02110-1301, USA.

-->
<configuration xmlns:xsi="http://www.w3.org/2001/XMLSchema-instance"
			   xsi:schemaLocation="http://www.exoplatform.org/xml/ns/kernel_1_2.xsd http://www.exoplatform.org/xml/ns/kernel_1_2.xsd"
			   xmlns="http://www.exoplatform.org/xml/ns/kernel_1_2.xsd">
	<component>
		<type>org.exoplatform.container.PropertyConfigurator</type>
		<init-params>
			<value-param>
				<name>properties.url</name>
				<value>jar:/conf/exo.properties</value>
			</value-param>
			<properties-param>
				<name>properties</name>
				<property name="sample" value="value"></property>
			</properties-param>
		</init-params>
	</component>

	<component>
		<key>org.exoplatform.services.cache.CacheService</key>
		<jmx-name>cache:type=CacheService</jmx-name>
		<type>org.exoplatform.services.cache.impl.CacheServiceImpl</type>
		<init-params>
			<object-param>
				<name>cache.config.default</name>
				<object type="org.exoplatform.services.cache.ExoCacheConfig">
					<field name="name">
						<string>default</string>
					</field>
					<field name="maxSize">
						<int>30000</int>
					</field>
					<field name="liveTime">
						<long>60000</long>
					</field>
					<field name="implementation">
						<string>org.exoplatform.services.cache.concurrent.ConcurrentFIFOExoCache</string>
					</field>
				</object>
			</object-param>
		</init-params>
	</component>

	<component>
		<type>org.exoplatform.container.definition.PortalContainerConfig</type>
	</component>

</configuration>
