<?xml version="1.0" encoding="ISO-8859-1"?>
<configuration xmlns:xsi="http://www.w3.org/2001/XMLSchema-instance"
	xsi:schemaLocation="http://www.exoplatform.org/xml/ns/kernel_1_2.xsd http://www.exoplatform.org/xml/ns/kernel_1_2.xsd"
	xmlns="http://www.exoplatform.org/xml/ns/kernel_1_2.xsd">

 <component>
    <key>org.exoplatform.portal.config.UserACL</key>
    <type>org.exoplatform.portal.config.UserACL</type>
    <init-params>
      <value-param>
        <name>super.user</name>
        <description>administrator</description>
        <value>root</value>
      </value-param>

      <value-param>
        <name>portal.administrator.groups</name>
        <description>administrator</description>
        <value>/platform/administrators</value>
      </value-param>
    </init-params>
  </component>

	<component>
		<key>org.exoplatform.services.jcr.ext.distribution.DataDistributionManager</key>
		<type>org.exoplatform.services.jcr.ext.distribution.impl.DataDistributionManagerImpl</type>
	</component>

	<component>
		<key>org.exoplatform.services.jcr.ext.hierarchy.NodeHierarchyCreator</key>
		<type>org.exoplatform.services.jcr.ext.hierarchy.impl.NodeHierarchyCreatorImpl</type>
	</component>

	<component>
		<type>org.exoplatform.commons.info.ProductInformations</type>
		<init-params>
			<value-param>
				<name>product.versions.declaration.file</name>
				<value>classpath:/conf/data/product_new.properties</value>
			</value-param>
		</init-params>
	</component>

	<!-- Register UpgradeProductService -->
	<component>
		<type>org.exoplatform.commons.upgrade.UpgradeProductService</type>
		<init-params>
			<!-- Proceed to the upgrade if it's first time you run this service -->
			<value-param>
				<name>proceedUpgradeWhenFirstRun</name>
				<value>true</value>
			</value-param>
		</init-params>
	</component>

	<component>
		<key>org.exoplatform.commons.api.event.EventManager</key>
		<type>org.exoplatform.commons.event.impl.EventManagerImpl</type>
	</component>
	<component>
		<key>org.exoplatform.commons.chromattic.ChromatticManager</key>
		<type>org.exoplatform.commons.chromattic.ChromatticManager</type>
	</component>

	<component>
		<key>org.exoplatform.settings.impl.SettingServiceImpl</key>
		<type>org.exoplatform.settings.impl.SettingServiceImpl</type>
	</component>

	<component>
		<key>org.exoplatform.commons.api.settings.SettingService</key>
		<type>org.exoplatform.settings.cache.CacheSettingServiceImpl</type>
	</component>
	<external-component-plugins>
		<target-component>org.exoplatform.commons.chromattic.ChromatticManager</target-component>
		<component-plugin>
			<name>chromattic</name>
			<set-method>addLifeCycle</set-method>
			<type>org.exoplatform.commons.chromattic.ChromatticLifeCycle</type>
			<init-params>
				<value-param>
					<name>domain-name</name>
					<value>setting</value>
				</value-param>
				<value-param>
					<name>workspace-name</name>
					<value>portal-test</value>
				</value-param>
				<values-param>
					<name>entities</name>
					<value>org.exoplatform.settings.chromattic.SettingsRoot</value>
					<value>org.exoplatform.settings.chromattic.ContextEntity</value>
					<value>org.exoplatform.settings.chromattic.SimpleContextEntity</value>
					<value>org.exoplatform.settings.chromattic.SubContextEntity</value>
					<value>org.exoplatform.settings.chromattic.ScopeEntity</value>
				</values-param>
			</init-params>
		</component-plugin>
	</external-component-plugins>

	<!-- Add upgrade plugins to UpgradeProductService: UpgradeProductTest -->

	<!-- Upgrade plugin for Portal: Only upgrade if previous version is 0 -->
	<external-component-plugins>
		<target-component>org.exoplatform.commons.upgrade.UpgradeProductService</target-component>
		<component-plugin>
			<name>testUpgradePortal</name>
			<set-method>addUpgradePlugin</set-method>
			<type>org.exoplatform.commons.upgrade.UpgradeProductTest$UpgradePluginFromVersionZERO</type>
			<description></description>
			<init-params>
				<value-param>
					<name>product.group.id</name>
					<value>org.gatein.portal</value>
				</value-param>
				<value-param>
					<name>plugin.execution.order</name>
					<value>1</value>
				</value-param>
			</init-params>
		</component-plugin>
		<component-plugin>
			<name>testUpgradePortal</name>
			<set-method>addUpgradePlugin</set-method>
			<type>org.exoplatform.commons.upgrade.UpgradeProductTest$UpgradePluginFromVersionONE</type>
			<description></description>
			<init-params>
				<value-param>
					<name>product.group.id</name>
					<value>org.exoplatform.portal</value>
				</value-param>
				<value-param>
					<name>old.product.group.id</name>
					<value>org.gatein.portal</value>
				</value-param>
				<value-param>
					<name>plugin.execution.order</name>
					<value>2</value>
				</value-param>
			</init-params>
		</component-plugin>
	</external-component-plugins>

	<!-- Upgrade plugin for ECMS: Only upgrade if previous version > ZERO -->
	<external-component-plugins>
		<target-component>org.exoplatform.commons.upgrade.UpgradeProductService</target-component>
		<component-plugin>
			<name>testUpgradeECMS</name>
			<set-method>addUpgradePlugin</set-method>
			<type>org.exoplatform.commons.upgrade.UpgradeProductTest$UpgradePluginFromVersionX</type>
			<description></description>
			<init-params>
				<value-param>
					<name>product.group.id</name>
					<value>org.exoplatform.ecms</value>
				</value-param>
				<value-param>
					<name>plugin.execution.order</name>
					<value>2</value>
				</value-param>
			</init-params>
		</component-plugin>
	</external-component-plugins>

	<!-- Node to upgrade in process by plugins -->
	<external-component-plugins>
		<target-component>org.exoplatform.services.jcr.ext.hierarchy.NodeHierarchyCreator</target-component>
		<component-plugin>
			<name>addPaths</name>
			<set-method>addPlugin</set-method>
			<type>org.exoplatform.services.jcr.ext.hierarchy.impl.AddPathPlugin</type>
			<init-params>
				<object-param>
					<name>cms.configuration</name>
					<description>configuration for the cms path</description>
					<object
						type="org.exoplatform.services.jcr.ext.hierarchy.impl.HierarchyConfig">
						<field name="repository">
							<string>repository</string>
						</field>
						<field name="workspaces">
							<collection type="java.util.ArrayList">
								<value>
									<string>portal-test</string>
								</value>
							</collection>
						</field>
						<field name="jcrPaths">
							<collection type="java.util.ArrayList">
								<value>
									<object
										type="org.exoplatform.services.jcr.ext.hierarchy.impl.HierarchyConfig$JcrPath">
										<field name="alias">
											<string>upgradeProductTest</string>
										</field>
										<field name="path">
											<string>/Application Data/Commons Test</string>
										</field>
										<field name="mixinTypes">
											<collection type="java.util.ArrayList">
												<value>
													<string>exo:hiddenable</string>
												</value>
											</collection>
										</field>
										<field name="permissions">
											<collection type="java.util.ArrayList">
												<value>
													<object
														type="org.exoplatform.services.jcr.ext.hierarchy.impl.HierarchyConfig$Permission">
														<field name="identity">
															<string>any</string>
														</field>
														<field name="read">
															<string>true</string>
														</field>
														<field name="addNode">
															<string>false</string>
														</field>
														<field name="setProperty">
															<string>false</string>
														</field>
														<field name="remove">
															<string>false</string>
														</field>
													</object>
												</value>
											</collection>
										</field>
									</object>
								</value>
							</collection>
						</field>
					</object>
				</object-param>
			</init-params>
		</component-plugin>
	</external-component-plugins>

	<!-- ProductInformations node data -->
	<external-component-plugins>
		<target-component>org.exoplatform.services.jcr.ext.hierarchy.NodeHierarchyCreator</target-component>
		<component-plugin>
			<name>addPaths</name>
			<set-method>addPlugin</set-method>
			<type>org.exoplatform.services.jcr.ext.hierarchy.impl.AddPathPlugin</type>
			<init-params>
				<object-param>
					<name>cms.configuration</name>
					<description>configuration for the cms path</description>
					<object
						type="org.exoplatform.services.jcr.ext.hierarchy.impl.HierarchyConfig">
						<field name="repository">
							<string>repository</string>
						</field>
						<field name="workspaces">
							<collection type="java.util.ArrayList">
								<value>
									<string>portal-test</string>
								</value>
							</collection>
						</field>
						<field name="jcrPaths">
							<collection type="java.util.ArrayList">
								<value>
									<object
										type="org.exoplatform.services.jcr.ext.hierarchy.impl.HierarchyConfig$JcrPath">
										<field name="alias">
											<string>exoApplicationDataNode</string>
										</field>
										<field name="path">
											<string>/Application Data</string>
										</field>
										<field name="mixinTypes">
											<collection type="java.util.ArrayList">
												<value>
													<string>exo:hiddenable</string>
												</value>
											</collection>
										</field>
										<field name="permissions">
											<collection type="java.util.ArrayList">
												<value>
													<object
														type="org.exoplatform.services.jcr.ext.hierarchy.impl.HierarchyConfig$Permission">
														<field name="identity">
															<string>any</string>
														</field>
														<field name="read">
															<string>true</string>
														</field>
														<field name="addNode">
															<string>false</string>
														</field>
														<field name="setProperty">
															<string>false</string>
														</field>
														<field name="remove">
															<string>false</string>
														</field>
													</object>
												</value>
											</collection>
										</field>
									</object>
								</value>
							</collection>
						</field>
					</object>
				</object-param>
			</init-params>
		</component-plugin>
	</external-component-plugins>
</configuration>