<?xml version="1.0" encoding="ISO-8859-1"?>
<configuration xmlns:xsi="http://www.w3.org/2001/XMLSchema-instance"
               xsi:schemaLocation="http://www.exoplatform.org/xml/ns/kernel_1_2.xsd http://www.exoplatform.org/xml/ns/kernel_1_2.xsd"
               xmlns="http://www.exoplatform.org/xml/ns/kernel_1_2.xsd">

  <component>
    <type>org.exoplatform.commons.cluster.StartableClusterService</type>
    <init-params>
      <value-param>
        <name>exo.cluster.startable.check.period</name>
        <value>${exo.cluster.startable.check.period:2000}</value>
      </value-param>
    </init-params>
  </component>

  <component>
    <key>org.exoplatform.portal.config.UserACL</key>
    <type>org.exoplatform.portal.config.UserACL</type>
    <init-params>
      <value-param>
        <name>super.user</name>
        <description>administrator</description>
        <value>root</value>
      </value-param>

      <value-param>
        <name>portal.administrator.groups</name>
        <description>administrator</description>
        <value>/platform/administrators</value>
      </value-param>
    </init-params>
  </component>

  <component>
    <type>org.exoplatform.commons.info.ProductInformations</type>
    <init-params>
      <value-param>
        <name>product.versions.declaration.file</name>
        <value>classpath:/conf/data/product_new.properties</value>
      </value-param>
    </init-params>
  </component>

  <!-- Register UpgradeProductService -->
  <component>
    <type>org.exoplatform.commons.upgrade.UpgradeProductService</type>
    <init-params>
      <!-- Proceed to the upgrade if it's first time you run this service -->
      <value-param>
        <name>proceedUpgradeWhenFirstRun</name>
        <value>true</value>
      </value-param>
    </init-params>
  </component>

  <component>
    <type>org.exoplatform.settings.jpa.JPASettingServiceImpl</type>
  </component>
  <component>
    <key>org.exoplatform.commons.api.settings.SettingService</key>
    <type>org.exoplatform.settings.cache.CacheSettingServiceImpl</type>
  </component>

  <component>
    <key>org.exoplatform.services.naming.InitialContextInitializer</key>
    <type>org.exoplatform.services.naming.InitialContextInitializer</type>
    <init-params>
      <properties-param>
        <name>default-properties</name>
        <description>Default initial context properties</description>
        <property name="java.naming.factory.initial" value="org.exoplatform.services.naming.SimpleContextFactory"/>
      </properties-param>
    </init-params>
  </component>

  <component>
    <type>org.exoplatform.commons.persistence.impl.EntityManagerService</type>
  </component>

  <component>
    <type>org.exoplatform.settings.jpa.dao.SettingContextDAO</type>
  </component>
  <component>
    <type>org.exoplatform.settings.jpa.dao.SettingScopeDAO</type>
  </component>
  <component>
    <type>org.exoplatform.settings.jpa.dao.SettingsDAO</type>
  </component>
  <component>
    <key>org.exoplatform.commons.api.persistence.DataInitializer</key>
    <type>org.exoplatform.commons.persistence.impl.LiquibaseDataInitializer</type>
    <init-params>
      <value-param>
        <name>liquibase.datasource</name>
        <value>java:/comp/env/exo-jpa_portal</value>
      </value-param>
      <value-param>
        <name>liquibase.contexts</name>
        <value>${exo.liquibase.contexts}</value>
      </value-param>
    </init-params>
  </component>
  <component>
    <key>org.exoplatform.commons.api.event.EventManager</key>
    <type>org.exoplatform.commons.event.impl.EventManagerImpl</type>
  </component>

  <component>
    <key>org.exoplatform.services.cache.CacheService</key>
    <jmx-name>cache:type=CacheService</jmx-name>
    <type>org.exoplatform.services.cache.impl.CacheServiceImpl</type>
    <init-params>
      <object-param>
        <name>cache.config.default</name>
        <object type="org.exoplatform.services.cache.ExoCacheConfig">
          <field name="name">
            <string>default</string>
          </field>
          <field name="maxSize">
            <int>30000</int>
          </field>
          <field name="liveTime">
            <long>60000</long>
          </field>
          <field name="implementation">
            <string>org.exoplatform.services.cache.concurrent.ConcurrentFIFOExoCache</string>
          </field>
        </object>
      </object-param>
    </init-params>
  </component>

  <!-- Bind datasource -->
  <external-component-plugins>
    <target-component>org.exoplatform.services.naming.InitialContextInitializer</target-component>
    <component-plugin>
      <name>bind.datasource</name>
      <set-method>addPlugin</set-method>
      <type>org.exoplatform.services.naming.BindReferencePlugin</type>
      <init-params>
        <value-param>
          <name>bind-name</name>
          <value>java:/comp/env/exo-jpa_portal</value>
        </value-param>
        <value-param>
          <name>class-name</name>
          <value>javax.sql.DataSource</value>
        </value-param>
        <value-param>
          <name>factory</name>
          <value>org.apache.commons.dbcp.BasicDataSourceFactory</value>
        </value-param>
        <properties-param>
          <name>ref-addresses</name>
          <description>ref-addresses</description>
          <property name="driverClassName" value="org.hsqldb.jdbcDriver"/>
          <property name="url" value="jdbc:hsqldb:mem:db1"/>
          <property name="username" value="sa"/>
          <property name="password" value=""/>
        </properties-param>
      </init-params>
    </component-plugin>
  </external-component-plugins>

  <!-- Add upgrade plugins to UpgradeProductService: UpgradeProductTest -->

  <!-- Upgrade plugin for Portal: Only upgrade if previous version is 0 -->
  <external-component-plugins>
    <target-component>org.exoplatform.commons.upgrade.UpgradeProductService</target-component>
    <component-plugin>
      <name>testUpgradePortal</name>
      <set-method>addUpgradePlugin</set-method>
      <type>org.exoplatform.commons.upgrade.UpgradeProductTest$UpgradePluginFromVersionZERO</type>
      <description></description>
      <init-params>
        <value-param>
          <name>product.group.id</name>
          <value>org.gatein.portal</value>
        </value-param>
        <value-param>
          <name>plugin.execution.order</name>
          <value>1</value>
        </value-param>
      </init-params>
    </component-plugin>
  </external-component-plugins>

  <!-- Upgrade plugin for Social: Only upgrade if previous version > ZERO -->
  <external-component-plugins>
    <target-component>org.exoplatform.commons.upgrade.UpgradeProductService</target-component>
    <component-plugin>
      <name>testUpgradeSocial</name>
      <set-method>addUpgradePlugin</set-method>
      <type>org.exoplatform.commons.upgrade.UpgradeProductTest$UpgradePluginFromVersionX</type>
      <description></description>
      <init-params>
        <value-param>
          <name>product.group.id</name>
          <value>org.exoplatform.social</value>
        </value-param>
        <value-param>
          <name>plugin.execution.order</name>
          <value>2</value>
        </value-param>
      </init-params>
    </component-plugin>
  </external-component-plugins>

  <!-- Upgrade plugin for Wiki: Only upgrade if previous version > ZERO -->
  <external-component-plugins>
    <target-component>org.exoplatform.commons.upgrade.UpgradeProductService</target-component>
    <component-plugin>
      <name>testUpgradeWiki</name>
      <set-method>addUpgradePlugin</set-method>
      <type>org.exoplatform.commons.upgrade.UpgradeProductTest$UpgradePluginFromVersionX</type>
      <description></description>
      <init-params>
        <value-param>
          <name>product.group.id</name>
          <value>org.exoplatform.wiki</value>
        </value-param>
        <value-param>
          <name>plugin.execution.order</name>
          <value>3</value>
        </value-param>
      </init-params>
    </component-plugin>
  </external-component-plugins>

</configuration>